<?xml version="1.0" encoding="UTF-8"?>
<!-- Generated by org.testng.reporters.JUnitReportReporter -->
<testsuite hostname="DESKTOP-D95007D" failures="0" tests="1" name="qatests.QaExercise" time="28.079" errors="0" timestamp="2021-03-14T11:10:15 PDT" skipped="0">
  <testcase classname="qatests.QaExercise" name="validateQaExercise" time="28.079"/>
  <system-out/>
</testsuite> <!-- qatests.QaExercise -->
